<databaseChangeLog xmlns="http://www.liquibase.org/xml/ns/dbchangelog" xmlns:xsi="http://www.w3.org/2001/XMLSchema-instance"
                   xsi:schemaLocation="http://www.liquibase.org/xml/ns/dbchangelog http://www.liquibase.org/xml/ns/dbchangelog/dbchangelog-latest.xsd">

    <include file="classpath:db/changelog/test-initial-changelog.xml" relativeToChangelogFile="false" />
    <include file="classpath:db/changelog/test-insert-base-changelog.xml" relativeToChangelogFile="false" />

</databaseChangeLog>