<?xml version="1.0" encoding="UTF-8"?>
<databaseChangeLog
        xmlns="http://www.liquibase.org/xml/ns/dbchangelog"
        xmlns:xsi="http://www.w3.org/2001/XMLSchema-instance"
        xmlns:pro="http://www.liquibase.org/xml/ns/pro"
        xsi:schemaLocation="http://www.liquibase.org/xml/ns/dbchangelog
      http://www.liquibase.org/xml/ns/dbchangelog/dbchangelog-4.1.xsd
      http://www.liquibase.org/xml/ns/pro
      http://www.liquibase.org/xml/ns/pro/liquibase-pro-4.1.xsd"
        logicalFilePath="changelog">

    <changeSet id="insert-roles" author="Alexander Savickij">
        <sqlFile encoding="utf8" path="./test-insert-base/01.insert-roles-changeset.sql" relativeToChangelogFile="true"/>
    </changeSet>

    <changeSet id="insert-transaction_statuses" author="Alexander Savickij">
        <sqlFile encoding="utf8" path="./test-insert-base/02.insert-transaction_statuses-changeset.sql" relativeToChangelogFile="true"/>
    </changeSet>

    <changeSet id="insert-response_statuses" author="Alexander Savickij">
        <sqlFile encoding="utf8" path="./test-insert-base/03.insert-response_statuses-changeset.sql" relativeToChangelogFile="true"/>
    </changeSet>

    <changeSet id="insert-superadmin" author="Alexander Savickij">
        <sqlFile encoding="utf8" path="./test-insert-base/04.insert-superadmin-changeset.sql" relativeToChangelogFile="true"/>
    </changeSet>
    <changeSet id="insert-accounts" author="Alexander Savickij">
        <sqlFile encoding="utf8" path="./test-insert-base/05.insert-accounts-changeset.sql" relativeToChangelogFile="true"/>
    </changeSet>

</databaseChangeLog>