<?xml version="1.0" encoding="UTF-8"?>
<databaseChangeLog
        xmlns="http://www.liquibase.org/xml/ns/dbchangelog"
        xmlns:xsi="http://www.w3.org/2001/XMLSchema-instance"
        xmlns:pro="http://www.liquibase.org/xml/ns/pro"
        xsi:schemaLocation="http://www.liquibase.org/xml/ns/dbchangelog
      http://www.liquibase.org/xml/ns/dbchangelog/dbchangelog-4.1.xsd
      http://www.liquibase.org/xml/ns/pro
      http://www.liquibase.org/xml/ns/pro/liquibase-pro-4.1.xsd"
        logicalFilePath="changelog">

    <changeSet id="insert-roles" author="Alexander Savickij">
        <sqlFile encoding="utf8" path="./test-insert-base/01.insert-roles-changeset.sql" relativeToChangelogFile="true"/>
    </changeSet>

    <changeSet id="insert-transaction_statuses" author="Alexander Savickij">
        <sqlFile encoding="utf8" path="./test-insert-base/02.insert-transaction_statuses-changeset.sql" relativeToChangelogFile="true"/>
    </changeSet>

    <changeSet id="insert-response_statuses" author="Alexander Savickij">
        <sqlFile encoding="utf8" path="./test-insert-base/03.insert-response_statuses-changeset.sql" relativeToChangelogFile="true"/>
    </changeSet>

    <changeSet id="insert-institutions" author="Alexander Savickij">
        <sqlFile encoding="utf8" path="./test-insert-base/04.insert-institutions-changeset.sql" relativeToChangelogFile="true"/>
    </changeSet>

    <changeSet id="insert-cards" author="Alexander Savickij">
        <sqlFile encoding="utf8" path="./test-insert-base/05.insert-cards-changeset.sql" relativeToChangelogFile="true"/>
    </changeSet>

    <changeSet id="insert-superadmin" author="Alexander Savickij">
        <sqlFile encoding="utf8" path="./test-insert-base/06.insert-superadmin-changeset.sql" relativeToChangelogFile="true"/>
    </changeSet>

    <changeSet id="insert-accounts" author="Alexander Savickij">
        <sqlFile encoding="utf8" path="./test-insert-base/07.insert-accounts-changeset.sql" relativeToChangelogFile="true"/>
    </changeSet>

    <changeSet id="insert-accounts_roles" author="Alexander Savickij">
        <sqlFile encoding="utf8" path="./test-insert-base/08.insert-accounts_roles-changeset.sql" relativeToChangelogFile="true"/>
    </changeSet>

    <changeSet id="insert-activity_types" author="Alexander Savickij">
        <sqlFile encoding="utf8" path="./test-insert-base/09.insert-activity_types-changeset.sql" relativeToChangelogFile="true"/>
    </changeSet>

    <changeSet id="insert-activities" author="Alexander Savickij">
        <sqlFile encoding="utf8" path="./test-insert-base/10.insert-activities-changeset.sql" relativeToChangelogFile="true"/>
    </changeSet>

    <changeSet id="insert-bonuses" author="Alexander Savickij">
        <sqlFile encoding="utf8" path="./test-insert-base/11.insert-bonuses-changeset.sql" relativeToChangelogFile="true"/>
    </changeSet>

    <changeSet id="insert-solved_activities" author="Alexander Savickij">
        <sqlFile encoding="utf8" path="./test-insert-base/12.insert-solved_activities-changeset.sql" relativeToChangelogFile="true"/>
    </changeSet>

</databaseChangeLog>